[0.489s] Invoking command in '/home/msijesus/tfg/cdgdplsr/src/robot': PYTHONPATH=/home/msijesus/tfg/cdgdplsr/build/robot/prefix_override:/home/msijesus/tfg/cdgdplsr/install/robot/lib/python3.10/site-packages:${PYTHONPATH} /usr/bin/python3 setup.py egg_info --egg-base ../../build/robot build --build-base /home/msijesus/tfg/cdgdplsr/build/robot/build install --record /home/msijesus/tfg/cdgdplsr/build/robot/install.log --single-version-externally-managed
[0.648s] running egg_info
[0.648s] writing ../../build/robot/robot.egg-info/PKG-INFO
[0.648s] writing dependency_links to ../../build/robot/robot.egg-info/dependency_links.txt
[0.648s] writing entry points to ../../build/robot/robot.egg-info/entry_points.txt
[0.648s] writing requirements to ../../build/robot/robot.egg-info/requires.txt
[0.648s] writing top-level names to ../../build/robot/robot.egg-info/top_level.txt
[0.649s] reading manifest file '../../build/robot/robot.egg-info/SOURCES.txt'
[0.650s] writing manifest file '../../build/robot/robot.egg-info/SOURCES.txt'
[0.650s] running build
[0.650s] running build_py
[0.650s] running install
[0.650s] running install_lib
[0.651s] running install_data
[0.652s] running install_egg_info
[0.653s] removing '/home/msijesus/tfg/cdgdplsr/install/robot/lib/python3.10/site-packages/robot-0.0.0-py3.10.egg-info' (and everything under it)
[0.653s] Copying ../../build/robot/robot.egg-info to /home/msijesus/tfg/cdgdplsr/install/robot/lib/python3.10/site-packages/robot-0.0.0-py3.10.egg-info
[0.653s] running install_scripts
[0.666s] Installing driving_node script to /home/msijesus/tfg/cdgdplsr/install/robot/lib/robot
[0.666s] Installing driving_robot script to /home/msijesus/tfg/cdgdplsr/install/robot/lib/robot
[0.667s] Installing go_to_goal_node script to /home/msijesus/tfg/cdgdplsr/install/robot/lib/robot
[0.667s] Installing video_save_node script to /home/msijesus/tfg/cdgdplsr/install/robot/lib/robot
[0.667s] writing list of installed files to '/home/msijesus/tfg/cdgdplsr/build/robot/install.log'
[0.681s] Invoked command in '/home/msijesus/tfg/cdgdplsr/src/robot' returned '0': PYTHONPATH=/home/msijesus/tfg/cdgdplsr/build/robot/prefix_override:/home/msijesus/tfg/cdgdplsr/install/robot/lib/python3.10/site-packages:${PYTHONPATH} /usr/bin/python3 setup.py egg_info --egg-base ../../build/robot build --build-base /home/msijesus/tfg/cdgdplsr/build/robot/build install --record /home/msijesus/tfg/cdgdplsr/build/robot/install.log --single-version-externally-managed
