running egg_info
writing ../../build/robot/robot.egg-info/PKG-INFO
writing dependency_links to ../../build/robot/robot.egg-info/dependency_links.txt
writing entry points to ../../build/robot/robot.egg-info/entry_points.txt
writing requirements to ../../build/robot/robot.egg-info/requires.txt
writing top-level names to ../../build/robot/robot.egg-info/top_level.txt
reading manifest file '../../build/robot/robot.egg-info/SOURCES.txt'
writing manifest file '../../build/robot/robot.egg-info/SOURCES.txt'
running build
running build_py
copying robot/go_to_goal.py -> /home/msijesus/tfg/cdgdplsr/build/robot/build/lib/robot
running install
running install_lib
copying /home/msijesus/tfg/cdgdplsr/build/robot/build/lib/robot/go_to_goal.py -> /home/msijesus/tfg/cdgdplsr/install/robot/lib/python3.10/site-packages/robot
byte-compiling /home/msijesus/tfg/cdgdplsr/install/robot/lib/python3.10/site-packages/robot/go_to_goal.py to go_to_goal.cpython-310.pyc
running install_data
running install_egg_info
removing '/home/msijesus/tfg/cdgdplsr/install/robot/lib/python3.10/site-packages/robot-0.0.0-py3.10.egg-info' (and everything under it)
Copying ../../build/robot/robot.egg-info to /home/msijesus/tfg/cdgdplsr/install/robot/lib/python3.10/site-packages/robot-0.0.0-py3.10.egg-info
running install_scripts
Installing driving_node script to /home/msijesus/tfg/cdgdplsr/install/robot/lib/robot
Installing driving_robot script to /home/msijesus/tfg/cdgdplsr/install/robot/lib/robot
Installing go_to_goal_node script to /home/msijesus/tfg/cdgdplsr/install/robot/lib/robot
writing list of installed files to '/home/msijesus/tfg/cdgdplsr/build/robot/install.log'
