[0.290s] Invoking command in '/home/msijesus/tfg/cdgdplsr/src/robot': PYTHONPATH=/home/msijesus/tfg/cdgdplsr/build/robot/prefix_override:/home/msijesus/tfg/cdgdplsr/install/robot/lib/python3.10/site-packages: /usr/bin/python3 setup.py egg_info --egg-base ../../build/robot build --build-base /home/msijesus/tfg/cdgdplsr/build/robot/build install --record /home/msijesus/tfg/cdgdplsr/build/robot/install.log --single-version-externally-managed
[0.392s] running egg_info
[0.392s] writing ../../build/robot/robot.egg-info/PKG-INFO
[0.392s] writing dependency_links to ../../build/robot/robot.egg-info/dependency_links.txt
[0.392s] writing entry points to ../../build/robot/robot.egg-info/entry_points.txt
[0.392s] writing requirements to ../../build/robot/robot.egg-info/requires.txt
[0.392s] writing top-level names to ../../build/robot/robot.egg-info/top_level.txt
[0.393s] reading manifest file '../../build/robot/robot.egg-info/SOURCES.txt'
[0.396s] writing manifest file '../../build/robot/robot.egg-info/SOURCES.txt'
[0.396s] running build
[0.396s] running build_py
[0.396s] copying robot/talker.py -> /home/msijesus/tfg/cdgdplsr/build/robot/build/lib/robot
[0.396s] copying robot/listener.py -> /home/msijesus/tfg/cdgdplsr/build/robot/build/lib/robot
[0.396s] running install
[0.397s] running install_lib
[0.397s] copying /home/msijesus/tfg/cdgdplsr/build/robot/build/lib/robot/talker.py -> /home/msijesus/tfg/cdgdplsr/install/robot/lib/python3.10/site-packages/robot
[0.397s] copying /home/msijesus/tfg/cdgdplsr/build/robot/build/lib/robot/listener.py -> /home/msijesus/tfg/cdgdplsr/install/robot/lib/python3.10/site-packages/robot
[0.397s] byte-compiling /home/msijesus/tfg/cdgdplsr/install/robot/lib/python3.10/site-packages/robot/talker.py to talker.cpython-310.pyc
[0.398s] byte-compiling /home/msijesus/tfg/cdgdplsr/install/robot/lib/python3.10/site-packages/robot/listener.py to listener.cpython-310.pyc
[0.398s] running install_data
[0.398s] running install_egg_info
[0.399s] removing '/home/msijesus/tfg/cdgdplsr/install/robot/lib/python3.10/site-packages/robot-0.0.0-py3.10.egg-info' (and everything under it)
[0.399s] Copying ../../build/robot/robot.egg-info to /home/msijesus/tfg/cdgdplsr/install/robot/lib/python3.10/site-packages/robot-0.0.0-py3.10.egg-info
[0.399s] running install_scripts
[0.409s] Installing subscriber_node script to /home/msijesus/tfg/cdgdplsr/install/robot/lib/robot
[0.409s] Installing talker_node script to /home/msijesus/tfg/cdgdplsr/install/robot/lib/robot
[0.409s] writing list of installed files to '/home/msijesus/tfg/cdgdplsr/build/robot/install.log'
[0.421s] Invoked command in '/home/msijesus/tfg/cdgdplsr/src/robot' returned '0': PYTHONPATH=/home/msijesus/tfg/cdgdplsr/build/robot/prefix_override:/home/msijesus/tfg/cdgdplsr/install/robot/lib/python3.10/site-packages: /usr/bin/python3 setup.py egg_info --egg-base ../../build/robot build --build-base /home/msijesus/tfg/cdgdplsr/build/robot/build install --record /home/msijesus/tfg/cdgdplsr/build/robot/install.log --single-version-externally-managed
