[0.485s] Invoking command in '/home/msijesus/tfg/cdgdplsr/src/robot': PYTHONPATH=/home/msijesus/tfg/cdgdplsr/build/robot/prefix_override:/home/msijesus/tfg/cdgdplsr/install/robot/lib/python3.10/site-packages:${PYTHONPATH} /usr/bin/python3 setup.py egg_info --egg-base ../../build/robot build --build-base /home/msijesus/tfg/cdgdplsr/build/robot/build install --record /home/msijesus/tfg/cdgdplsr/build/robot/install.log --single-version-externally-managed
[0.643s] running egg_info
[0.644s] writing ../../build/robot/robot.egg-info/PKG-INFO
[0.644s] writing dependency_links to ../../build/robot/robot.egg-info/dependency_links.txt
[0.644s] writing entry points to ../../build/robot/robot.egg-info/entry_points.txt
[0.644s] writing requirements to ../../build/robot/robot.egg-info/requires.txt
[0.644s] writing top-level names to ../../build/robot/robot.egg-info/top_level.txt
[0.645s] reading manifest file '../../build/robot/robot.egg-info/SOURCES.txt'
[0.646s] writing manifest file '../../build/robot/robot.egg-info/SOURCES.txt'
[0.646s] running build
[0.646s] running build_py
[0.646s] copying robot/maze_solver.py -> /home/msijesus/tfg/cdgdplsr/build/robot/build/lib/robot
[0.646s] running install
[0.647s] running install_lib
[0.647s] copying /home/msijesus/tfg/cdgdplsr/build/robot/build/lib/robot/maze_solver.py -> /home/msijesus/tfg/cdgdplsr/install/robot/lib/python3.10/site-packages/robot
[0.647s] byte-compiling /home/msijesus/tfg/cdgdplsr/install/robot/lib/python3.10/site-packages/robot/maze_solver.py to maze_solver.cpython-310.pyc
[0.648s] running install_data
[0.648s] running install_egg_info
[0.650s] removing '/home/msijesus/tfg/cdgdplsr/install/robot/lib/python3.10/site-packages/robot-0.0.0-py3.10.egg-info' (and everything under it)
[0.650s] Copying ../../build/robot/robot.egg-info to /home/msijesus/tfg/cdgdplsr/install/robot/lib/python3.10/site-packages/robot-0.0.0-py3.10.egg-info
[0.650s] running install_scripts
[0.663s] Installing driving_node script to /home/msijesus/tfg/cdgdplsr/install/robot/lib/robot
[0.663s] Installing driving_robot script to /home/msijesus/tfg/cdgdplsr/install/robot/lib/robot
[0.663s] Installing go_to_goal_node script to /home/msijesus/tfg/cdgdplsr/install/robot/lib/robot
[0.663s] Installing video_save_node script to /home/msijesus/tfg/cdgdplsr/install/robot/lib/robot
[0.663s] writing list of installed files to '/home/msijesus/tfg/cdgdplsr/build/robot/install.log'
[0.678s] Invoked command in '/home/msijesus/tfg/cdgdplsr/src/robot' returned '0': PYTHONPATH=/home/msijesus/tfg/cdgdplsr/build/robot/prefix_override:/home/msijesus/tfg/cdgdplsr/install/robot/lib/python3.10/site-packages:${PYTHONPATH} /usr/bin/python3 setup.py egg_info --egg-base ../../build/robot build --build-base /home/msijesus/tfg/cdgdplsr/build/robot/build install --record /home/msijesus/tfg/cdgdplsr/build/robot/install.log --single-version-externally-managed
