[0.380s] Invoking command in '/home/msijesus/tfg/cdgdplsr/src/robot': PYTHONPATH=/home/msijesus/tfg/cdgdplsr/build/robot/prefix_override:/home/msijesus/tfg/cdgdplsr/install/robot/lib/python3.10/site-packages:${PYTHONPATH} /usr/bin/python3 setup.py egg_info --egg-base ../../build/robot build --build-base /home/msijesus/tfg/cdgdplsr/build/robot/build install --record /home/msijesus/tfg/cdgdplsr/build/robot/install.log --single-version-externally-managed
[0.507s] running egg_info
[0.507s] writing ../../build/robot/robot.egg-info/PKG-INFO
[0.507s] writing dependency_links to ../../build/robot/robot.egg-info/dependency_links.txt
[0.507s] writing entry points to ../../build/robot/robot.egg-info/entry_points.txt
[0.507s] writing requirements to ../../build/robot/robot.egg-info/requires.txt
[0.507s] writing top-level names to ../../build/robot/robot.egg-info/top_level.txt
[0.508s] reading manifest file '../../build/robot/robot.egg-info/SOURCES.txt'
[0.509s] writing manifest file '../../build/robot/robot.egg-info/SOURCES.txt'
[0.509s] running build
[0.509s] running build_py
[0.509s] copying robot/go_to_goal.py -> /home/msijesus/tfg/cdgdplsr/build/robot/build/lib/robot
[0.509s] running install
[0.509s] running install_lib
[0.510s] copying /home/msijesus/tfg/cdgdplsr/build/robot/build/lib/robot/go_to_goal.py -> /home/msijesus/tfg/cdgdplsr/install/robot/lib/python3.10/site-packages/robot
[0.510s] byte-compiling /home/msijesus/tfg/cdgdplsr/install/robot/lib/python3.10/site-packages/robot/go_to_goal.py to go_to_goal.cpython-310.pyc
[0.510s] running install_data
[0.511s] running install_egg_info
[0.512s] removing '/home/msijesus/tfg/cdgdplsr/install/robot/lib/python3.10/site-packages/robot-0.0.0-py3.10.egg-info' (and everything under it)
[0.512s] Copying ../../build/robot/robot.egg-info to /home/msijesus/tfg/cdgdplsr/install/robot/lib/python3.10/site-packages/robot-0.0.0-py3.10.egg-info
[0.512s] running install_scripts
[0.523s] Installing driving_robot script to /home/msijesus/tfg/cdgdplsr/install/robot/lib/robot
[0.523s] Installing go_to_goal_node script to /home/msijesus/tfg/cdgdplsr/install/robot/lib/robot
[0.523s] writing list of installed files to '/home/msijesus/tfg/cdgdplsr/build/robot/install.log'
[0.536s] Invoked command in '/home/msijesus/tfg/cdgdplsr/src/robot' returned '0': PYTHONPATH=/home/msijesus/tfg/cdgdplsr/build/robot/prefix_override:/home/msijesus/tfg/cdgdplsr/install/robot/lib/python3.10/site-packages:${PYTHONPATH} /usr/bin/python3 setup.py egg_info --egg-base ../../build/robot build --build-base /home/msijesus/tfg/cdgdplsr/build/robot/build install --record /home/msijesus/tfg/cdgdplsr/build/robot/install.log --single-version-externally-managed
