[0.375s] Invoking command in '/home/msijesus/tfg/cdgdplsr/src/robot': PYTHONPATH=/home/msijesus/tfg/cdgdplsr/build/robot/prefix_override:/home/msijesus/tfg/cdgdplsr/install/robot/lib/python3.10/site-packages:${PYTHONPATH} /usr/bin/python3 setup.py egg_info --egg-base ../../build/robot build --build-base /home/msijesus/tfg/cdgdplsr/build/robot/build install --record /home/msijesus/tfg/cdgdplsr/build/robot/install.log --single-version-externally-managed
[0.499s] running egg_info
[0.499s] writing ../../build/robot/robot.egg-info/PKG-INFO
[0.499s] writing dependency_links to ../../build/robot/robot.egg-info/dependency_links.txt
[0.499s] writing entry points to ../../build/robot/robot.egg-info/entry_points.txt
[0.499s] writing requirements to ../../build/robot/robot.egg-info/requires.txt
[0.499s] writing top-level names to ../../build/robot/robot.egg-info/top_level.txt
[0.500s] reading manifest file '../../build/robot/robot.egg-info/SOURCES.txt'
[0.500s] writing manifest file '../../build/robot/robot.egg-info/SOURCES.txt'
[0.500s] running build
[0.500s] running build_py
[0.500s] copying robot/driving_node.py -> /home/msijesus/tfg/cdgdplsr/build/robot/build/lib/robot
[0.501s] running install
[0.501s] running install_lib
[0.501s] copying /home/msijesus/tfg/cdgdplsr/build/robot/build/lib/robot/driving_node.py -> /home/msijesus/tfg/cdgdplsr/install/robot/lib/python3.10/site-packages/robot
[0.501s] byte-compiling /home/msijesus/tfg/cdgdplsr/install/robot/lib/python3.10/site-packages/robot/driving_node.py to driving_node.cpython-310.pyc
[0.502s] running install_data
[0.502s] running install_egg_info
[0.503s] removing '/home/msijesus/tfg/cdgdplsr/install/robot/lib/python3.10/site-packages/robot-0.0.0-py3.10.egg-info' (and everything under it)
[0.503s] Copying ../../build/robot/robot.egg-info to /home/msijesus/tfg/cdgdplsr/install/robot/lib/python3.10/site-packages/robot-0.0.0-py3.10.egg-info
[0.503s] running install_scripts
[0.514s] Installing driving_robot script to /home/msijesus/tfg/cdgdplsr/install/robot/lib/robot
[0.514s] Installing go_to_goal_node script to /home/msijesus/tfg/cdgdplsr/install/robot/lib/robot
[0.514s] Installing subscriber_node script to /home/msijesus/tfg/cdgdplsr/install/robot/lib/robot
[0.514s] Installing talker_node script to /home/msijesus/tfg/cdgdplsr/install/robot/lib/robot
[0.514s] writing list of installed files to '/home/msijesus/tfg/cdgdplsr/build/robot/install.log'
[0.526s] Invoked command in '/home/msijesus/tfg/cdgdplsr/src/robot' returned '0': PYTHONPATH=/home/msijesus/tfg/cdgdplsr/build/robot/prefix_override:/home/msijesus/tfg/cdgdplsr/install/robot/lib/python3.10/site-packages:${PYTHONPATH} /usr/bin/python3 setup.py egg_info --egg-base ../../build/robot build --build-base /home/msijesus/tfg/cdgdplsr/build/robot/build install --record /home/msijesus/tfg/cdgdplsr/build/robot/install.log --single-version-externally-managed
