[0.345s] Invoking command in '/home/msijesus/tfg/cdgdplsr/src/robot': PYTHONPATH=/home/msijesus/tfg/cdgdplsr/build/robot/prefix_override:/home/msijesus/tfg/cdgdplsr/install/robot/lib/python3.10/site-packages:${PYTHONPATH} /usr/bin/python3 setup.py egg_info --egg-base ../../build/robot build --build-base /home/msijesus/tfg/cdgdplsr/build/robot/build install --record /home/msijesus/tfg/cdgdplsr/build/robot/install.log --single-version-externally-managed
[0.467s] running egg_info
[0.467s] writing ../../build/robot/robot.egg-info/PKG-INFO
[0.467s] writing dependency_links to ../../build/robot/robot.egg-info/dependency_links.txt
[0.467s] writing entry points to ../../build/robot/robot.egg-info/entry_points.txt
[0.467s] writing requirements to ../../build/robot/robot.egg-info/requires.txt
[0.468s] writing top-level names to ../../build/robot/robot.egg-info/top_level.txt
[0.468s] reading manifest file '../../build/robot/robot.egg-info/SOURCES.txt'
[0.469s] writing manifest file '../../build/robot/robot.egg-info/SOURCES.txt'
[0.469s] running build
[0.469s] running build_py
[0.469s] running install
[0.469s] running install_lib
[0.470s] running install_data
[0.470s] copying launch/rviz.launch.py -> /home/msijesus/tfg/cdgdplsr/install/robot/share/robot/launch
[0.470s] running install_egg_info
[0.471s] removing '/home/msijesus/tfg/cdgdplsr/install/robot/lib/python3.10/site-packages/robot-0.0.0-py3.10.egg-info' (and everything under it)
[0.471s] Copying ../../build/robot/robot.egg-info to /home/msijesus/tfg/cdgdplsr/install/robot/lib/python3.10/site-packages/robot-0.0.0-py3.10.egg-info
[0.471s] running install_scripts
[0.482s] Installing subscriber_node script to /home/msijesus/tfg/cdgdplsr/install/robot/lib/robot
[0.482s] Installing talker_node script to /home/msijesus/tfg/cdgdplsr/install/robot/lib/robot
[0.482s] writing list of installed files to '/home/msijesus/tfg/cdgdplsr/build/robot/install.log'
[0.493s] Invoked command in '/home/msijesus/tfg/cdgdplsr/src/robot' returned '0': PYTHONPATH=/home/msijesus/tfg/cdgdplsr/build/robot/prefix_override:/home/msijesus/tfg/cdgdplsr/install/robot/lib/python3.10/site-packages:${PYTHONPATH} /usr/bin/python3 setup.py egg_info --egg-base ../../build/robot build --build-base /home/msijesus/tfg/cdgdplsr/build/robot/build install --record /home/msijesus/tfg/cdgdplsr/build/robot/install.log --single-version-externally-managed
