[0.388s] Invoking command in '/home/msijesus/tfg/cdgdplsr/src/robot': PYTHONPATH=/home/msijesus/tfg/cdgdplsr/build/robot/prefix_override:/home/msijesus/tfg/cdgdplsr/install/robot/lib/python3.10/site-packages:${PYTHONPATH} /usr/bin/python3 setup.py egg_info --egg-base ../../build/robot build --build-base /home/msijesus/tfg/cdgdplsr/build/robot/build install --record /home/msijesus/tfg/cdgdplsr/build/robot/install.log --single-version-externally-managed
[0.510s] running egg_info
[0.510s] creating ../../build/robot/robot.egg-info
[0.510s] writing ../../build/robot/robot.egg-info/PKG-INFO
[0.510s] writing dependency_links to ../../build/robot/robot.egg-info/dependency_links.txt
[0.510s] writing entry points to ../../build/robot/robot.egg-info/entry_points.txt
[0.510s] writing requirements to ../../build/robot/robot.egg-info/requires.txt
[0.510s] writing top-level names to ../../build/robot/robot.egg-info/top_level.txt
[0.510s] writing manifest file '../../build/robot/robot.egg-info/SOURCES.txt'
[0.511s] reading manifest file '../../build/robot/robot.egg-info/SOURCES.txt'
[0.511s] writing manifest file '../../build/robot/robot.egg-info/SOURCES.txt'
[0.511s] running build
[0.511s] running build_py
[0.511s] creating /home/msijesus/tfg/cdgdplsr/build/robot/build
[0.511s] creating /home/msijesus/tfg/cdgdplsr/build/robot/build/lib
[0.511s] creating /home/msijesus/tfg/cdgdplsr/build/robot/build/lib/robot
[0.511s] copying robot/__init__.py -> /home/msijesus/tfg/cdgdplsr/build/robot/build/lib/robot
[0.511s] running install
[0.511s] running install_lib
[0.512s] creating /home/msijesus/tfg/cdgdplsr/install/robot/lib/python3.10/site-packages/robot
[0.512s] copying /home/msijesus/tfg/cdgdplsr/build/robot/build/lib/robot/__init__.py -> /home/msijesus/tfg/cdgdplsr/install/robot/lib/python3.10/site-packages/robot
[0.512s] byte-compiling /home/msijesus/tfg/cdgdplsr/install/robot/lib/python3.10/site-packages/robot/__init__.py to __init__.cpython-310.pyc
[0.512s] running install_data
[0.512s] creating /home/msijesus/tfg/cdgdplsr/install/robot/share/ament_index
[0.512s] creating /home/msijesus/tfg/cdgdplsr/install/robot/share/ament_index/resource_index
[0.512s] creating /home/msijesus/tfg/cdgdplsr/install/robot/share/ament_index/resource_index/packages
[0.512s] copying resource/robot -> /home/msijesus/tfg/cdgdplsr/install/robot/share/ament_index/resource_index/packages
[0.513s] copying package.xml -> /home/msijesus/tfg/cdgdplsr/install/robot/share/robot
[0.513s] running install_egg_info
[0.513s] Copying ../../build/robot/robot.egg-info to /home/msijesus/tfg/cdgdplsr/install/robot/lib/python3.10/site-packages/robot-0.0.0-py3.10.egg-info
[0.514s] running install_scripts
[0.524s] writing list of installed files to '/home/msijesus/tfg/cdgdplsr/build/robot/install.log'
[0.536s] Invoked command in '/home/msijesus/tfg/cdgdplsr/src/robot' returned '0': PYTHONPATH=/home/msijesus/tfg/cdgdplsr/build/robot/prefix_override:/home/msijesus/tfg/cdgdplsr/install/robot/lib/python3.10/site-packages:${PYTHONPATH} /usr/bin/python3 setup.py egg_info --egg-base ../../build/robot build --build-base /home/msijesus/tfg/cdgdplsr/build/robot/build install --record /home/msijesus/tfg/cdgdplsr/build/robot/install.log --single-version-externally-managed
