/home/msijesus/tfg/cdgdplsr/install/robot/lib/python3.10/site-packages/robot/driving_node.py
/home/msijesus/tfg/cdgdplsr/install/robot/lib/python3.10/site-packages/robot/__init__.py
/home/msijesus/tfg/cdgdplsr/install/robot/lib/python3.10/site-packages/robot/talker.py
/home/msijesus/tfg/cdgdplsr/install/robot/lib/python3.10/site-packages/robot/listener.py
/home/msijesus/tfg/cdgdplsr/install/robot/lib/python3.10/site-packages/robot/__pycache__/driving_node.cpython-310.pyc
/home/msijesus/tfg/cdgdplsr/install/robot/lib/python3.10/site-packages/robot/__pycache__/__init__.cpython-310.pyc
/home/msijesus/tfg/cdgdplsr/install/robot/lib/python3.10/site-packages/robot/__pycache__/talker.cpython-310.pyc
/home/msijesus/tfg/cdgdplsr/install/robot/lib/python3.10/site-packages/robot/__pycache__/listener.cpython-310.pyc
/home/msijesus/tfg/cdgdplsr/install/robot/share/ament_index/resource_index/packages/robot
/home/msijesus/tfg/cdgdplsr/install/robot/share/robot/package.xml
/home/msijesus/tfg/cdgdplsr/install/robot/share/robot/urdf/robot.urdf
/home/msijesus/tfg/cdgdplsr/install/robot/share/robot/meshes/wheel_l_1.stl
/home/msijesus/tfg/cdgdplsr/install/robot/share/robot/meshes/readme.md
/home/msijesus/tfg/cdgdplsr/install/robot/share/robot/meshes/wheel_r_1.stl
/home/msijesus/tfg/cdgdplsr/install/robot/share/robot/meshes/front_caster_1.stl
/home/msijesus/tfg/cdgdplsr/install/robot/share/robot/meshes/base_link.stl
/home/msijesus/tfg/cdgdplsr/install/robot/share/robot/meshes/_1.blend
/home/msijesus/tfg/cdgdplsr/install/robot/share/robot/meshes/wheel_r.stl
/home/msijesus/tfg/cdgdplsr/install/robot/share/robot/meshes/front_caster.stl
/home/msijesus/tfg/cdgdplsr/install/robot/share/robot/meshes/base_link_1.stl
/home/msijesus/tfg/cdgdplsr/install/robot/share/robot/meshes/wheel_l.stl
/home/msijesus/tfg/cdgdplsr/install/robot/share/robot/launch/gazebo.launch.py
/home/msijesus/tfg/cdgdplsr/install/robot/share/robot/launch/rviz.launch.py
/home/msijesus/tfg/cdgdplsr/install/robot/lib/python3.10/site-packages/robot-0.0.0-py3.10.egg-info/entry_points.txt
/home/msijesus/tfg/cdgdplsr/install/robot/lib/python3.10/site-packages/robot-0.0.0-py3.10.egg-info/top_level.txt
/home/msijesus/tfg/cdgdplsr/install/robot/lib/python3.10/site-packages/robot-0.0.0-py3.10.egg-info/PKG-INFO
/home/msijesus/tfg/cdgdplsr/install/robot/lib/python3.10/site-packages/robot-0.0.0-py3.10.egg-info/dependency_links.txt
/home/msijesus/tfg/cdgdplsr/install/robot/lib/python3.10/site-packages/robot-0.0.0-py3.10.egg-info/SOURCES.txt
/home/msijesus/tfg/cdgdplsr/install/robot/lib/python3.10/site-packages/robot-0.0.0-py3.10.egg-info/requires.txt
/home/msijesus/tfg/cdgdplsr/install/robot/lib/python3.10/site-packages/robot-0.0.0-py3.10.egg-info/zip-safe
/home/msijesus/tfg/cdgdplsr/install/robot/lib/robot/driving_robot
/home/msijesus/tfg/cdgdplsr/install/robot/lib/robot/subscriber_node
/home/msijesus/tfg/cdgdplsr/install/robot/lib/robot/talker_node
