[0.378s] Invoking command in '/home/msijesus/tfg/cdgdplsr/src/robot': PYTHONPATH=/home/msijesus/tfg/cdgdplsr/build/robot/prefix_override:/home/msijesus/tfg/cdgdplsr/install/robot/lib/python3.10/site-packages:${PYTHONPATH} /usr/bin/python3 setup.py egg_info --egg-base ../../build/robot build --build-base /home/msijesus/tfg/cdgdplsr/build/robot/build install --record /home/msijesus/tfg/cdgdplsr/build/robot/install.log --single-version-externally-managed
[0.502s] running egg_info
[0.502s] writing ../../build/robot/robot.egg-info/PKG-INFO
[0.502s] writing dependency_links to ../../build/robot/robot.egg-info/dependency_links.txt
[0.502s] writing entry points to ../../build/robot/robot.egg-info/entry_points.txt
[0.502s] writing requirements to ../../build/robot/robot.egg-info/requires.txt
[0.502s] writing top-level names to ../../build/robot/robot.egg-info/top_level.txt
[0.503s] reading manifest file '../../build/robot/robot.egg-info/SOURCES.txt'
[0.504s] writing manifest file '../../build/robot/robot.egg-info/SOURCES.txt'
[0.504s] running build
[0.504s] running build_py
[0.504s] running install
[0.504s] running install_lib
[0.505s] running install_data
[0.505s] copying launch/robot_camera_maze.py -> /home/msijesus/tfg/cdgdplsr/install/robot/share/robot/launch
[0.505s] creating /home/msijesus/tfg/cdgdplsr/install/robot/share/robot/worlds
[0.505s] copying worlds/robot_maze_camera.world -> /home/msijesus/tfg/cdgdplsr/install/robot/share/robot/worlds
[0.505s] running install_egg_info
[0.506s] removing '/home/msijesus/tfg/cdgdplsr/install/robot/lib/python3.10/site-packages/robot-0.0.0-py3.10.egg-info' (and everything under it)
[0.506s] Copying ../../build/robot/robot.egg-info to /home/msijesus/tfg/cdgdplsr/install/robot/lib/python3.10/site-packages/robot-0.0.0-py3.10.egg-info
[0.507s] running install_scripts
[0.517s] Installing driving_node script to /home/msijesus/tfg/cdgdplsr/install/robot/lib/robot
[0.517s] Installing driving_robot script to /home/msijesus/tfg/cdgdplsr/install/robot/lib/robot
[0.517s] Installing go_to_goal_node script to /home/msijesus/tfg/cdgdplsr/install/robot/lib/robot
[0.517s] writing list of installed files to '/home/msijesus/tfg/cdgdplsr/build/robot/install.log'
[0.530s] Invoked command in '/home/msijesus/tfg/cdgdplsr/src/robot' returned '0': PYTHONPATH=/home/msijesus/tfg/cdgdplsr/build/robot/prefix_override:/home/msijesus/tfg/cdgdplsr/install/robot/lib/python3.10/site-packages:${PYTHONPATH} /usr/bin/python3 setup.py egg_info --egg-base ../../build/robot build --build-base /home/msijesus/tfg/cdgdplsr/build/robot/build install --record /home/msijesus/tfg/cdgdplsr/build/robot/install.log --single-version-externally-managed
