[0.479s] Invoking command in '/home/msijesus/tfg/cdgdplsr/src/robot': PYTHONPATH=/home/msijesus/tfg/cdgdplsr/build/robot/prefix_override:/home/msijesus/tfg/cdgdplsr/install/robot/lib/python3.10/site-packages:${PYTHONPATH} /usr/bin/python3 setup.py egg_info --egg-base ../../build/robot build --build-base /home/msijesus/tfg/cdgdplsr/build/robot/build install --record /home/msijesus/tfg/cdgdplsr/build/robot/install.log --single-version-externally-managed
[0.632s] running egg_info
[0.633s] writing ../../build/robot/robot.egg-info/PKG-INFO
[0.633s] writing dependency_links to ../../build/robot/robot.egg-info/dependency_links.txt
[0.633s] writing entry points to ../../build/robot/robot.egg-info/entry_points.txt
[0.633s] writing requirements to ../../build/robot/robot.egg-info/requires.txt
[0.633s] writing top-level names to ../../build/robot/robot.egg-info/top_level.txt
[0.634s] reading manifest file '../../build/robot/robot.egg-info/SOURCES.txt'
[0.634s] writing manifest file '../../build/robot/robot.egg-info/SOURCES.txt'
[0.634s] running build
[0.634s] running build_py
[0.634s] copying robot/video_saver.py -> /home/msijesus/tfg/cdgdplsr/build/robot/build/lib/robot
[0.635s] running install
[0.635s] running install_lib
[0.635s] copying /home/msijesus/tfg/cdgdplsr/build/robot/build/lib/robot/video_saver.py -> /home/msijesus/tfg/cdgdplsr/install/robot/lib/python3.10/site-packages/robot
[0.636s] byte-compiling /home/msijesus/tfg/cdgdplsr/install/robot/lib/python3.10/site-packages/robot/video_saver.py to video_saver.cpython-310.pyc
[0.636s] running install_data
[0.637s] copying worlds/camera_maze.world -> /home/msijesus/tfg/cdgdplsr/install/robot/share/robot/worlds
[0.637s] running install_egg_info
[0.638s] removing '/home/msijesus/tfg/cdgdplsr/install/robot/lib/python3.10/site-packages/robot-0.0.0-py3.10.egg-info' (and everything under it)
[0.638s] Copying ../../build/robot/robot.egg-info to /home/msijesus/tfg/cdgdplsr/install/robot/lib/python3.10/site-packages/robot-0.0.0-py3.10.egg-info
[0.638s] running install_scripts
[0.650s] Installing driving_node script to /home/msijesus/tfg/cdgdplsr/install/robot/lib/robot
[0.651s] Installing driving_robot script to /home/msijesus/tfg/cdgdplsr/install/robot/lib/robot
[0.651s] Installing go_to_goal_node script to /home/msijesus/tfg/cdgdplsr/install/robot/lib/robot
[0.651s] Installing video_save_node script to /home/msijesus/tfg/cdgdplsr/install/robot/lib/robot
[0.651s] writing list of installed files to '/home/msijesus/tfg/cdgdplsr/build/robot/install.log'
[0.665s] Invoked command in '/home/msijesus/tfg/cdgdplsr/src/robot' returned '0': PYTHONPATH=/home/msijesus/tfg/cdgdplsr/build/robot/prefix_override:/home/msijesus/tfg/cdgdplsr/install/robot/lib/python3.10/site-packages:${PYTHONPATH} /usr/bin/python3 setup.py egg_info --egg-base ../../build/robot build --build-base /home/msijesus/tfg/cdgdplsr/build/robot/build install --record /home/msijesus/tfg/cdgdplsr/build/robot/install.log --single-version-externally-managed
