[0.484s] DEBUG:colcon:Command line arguments: ['/usr/bin/colcon', 'list', '-p', '--base-paths', '/home/msijesus/tfg/cdgdplsr']
[0.484s] DEBUG:colcon:Parsed command line arguments: Namespace(log_base=None, log_level=None, verb_name='list', build_base='build', ignore_user_meta=False, metas=['./colcon.meta'], base_paths=['/home/msijesus/tfg/cdgdplsr'], packages_ignore=None, packages_ignore_regex=None, paths=None, packages_up_to=None, packages_up_to_regex=None, packages_above=None, packages_above_and_dependencies=None, packages_above_depth=None, packages_select_by_dep=None, packages_skip_by_dep=None, packages_skip_up_to=None, packages_select_build_failed=False, packages_skip_build_finished=False, packages_select_test_failures=False, packages_skip_test_passed=False, packages_select=None, packages_skip=None, packages_select_regex=None, packages_skip_regex=None, packages_start=None, packages_end=None, allow_overriding=[], topological_order=False, names_only=False, paths_only=True, topological_graph=False, topological_graph_dot=False, topological_graph_density=False, topological_graph_legend=False, topological_graph_dot_cluster=False, topological_graph_dot_include_skipped=False, verb_parser=<colcon_defaults.argument_parser.defaults.DefaultArgumentsDecorator object at 0x7fe0a24d9d20>, verb_extension=<colcon_package_information.verb.list.ListVerb object at 0x7fe0a24dbbb0>, main=<bound method ListVerb.main of <colcon_package_information.verb.list.ListVerb object at 0x7fe0a24dbbb0>>)
[0.511s] Level 1:colcon.colcon_core.package_discovery:discover_packages(colcon_meta) check parameters
[0.511s] Level 1:colcon.colcon_core.package_discovery:discover_packages(recursive) check parameters
[0.511s] Level 1:colcon.colcon_core.package_discovery:discover_packages(ignore) check parameters
[0.511s] Level 1:colcon.colcon_core.package_discovery:discover_packages(path) check parameters
[0.511s] Level 1:colcon.colcon_core.package_discovery:discover_packages(recursive) discover
[0.511s] INFO:colcon.colcon_core.package_discovery:Crawling recursively for packages in '/home/msijesus/tfg/cdgdplsr'
[0.511s] Level 1:colcon.colcon_core.package_identification:_identify(/home/msijesus/tfg/cdgdplsr) by extensions ['ignore', 'ignore_ament_install']
[0.511s] Level 1:colcon.colcon_core.package_identification:_identify(/home/msijesus/tfg/cdgdplsr) by extension 'ignore'
[0.511s] Level 1:colcon.colcon_core.package_identification:_identify(/home/msijesus/tfg/cdgdplsr) by extension 'ignore_ament_install'
[0.512s] Level 1:colcon.colcon_core.package_identification:_identify(/home/msijesus/tfg/cdgdplsr) by extensions ['colcon_pkg']
[0.512s] Level 1:colcon.colcon_core.package_identification:_identify(/home/msijesus/tfg/cdgdplsr) by extension 'colcon_pkg'
[0.512s] Level 1:colcon.colcon_core.package_identification:_identify(/home/msijesus/tfg/cdgdplsr) by extensions ['colcon_meta']
[0.512s] Level 1:colcon.colcon_core.package_identification:_identify(/home/msijesus/tfg/cdgdplsr) by extension 'colcon_meta'
[0.512s] Level 1:colcon.colcon_core.package_identification:_identify(/home/msijesus/tfg/cdgdplsr) by extensions ['ros']
[0.512s] Level 1:colcon.colcon_core.package_identification:_identify(/home/msijesus/tfg/cdgdplsr) by extension 'ros'
[0.518s] Level 1:colcon.colcon_core.package_identification:_identify(/home/msijesus/tfg/cdgdplsr) by extensions ['cmake', 'python']
[0.518s] Level 1:colcon.colcon_core.package_identification:_identify(/home/msijesus/tfg/cdgdplsr) by extension 'cmake'
[0.518s] Level 1:colcon.colcon_core.package_identification:_identify(/home/msijesus/tfg/cdgdplsr) by extension 'python'
[0.518s] Level 1:colcon.colcon_core.package_identification:_identify(/home/msijesus/tfg/cdgdplsr) by extensions ['python_setup_py']
[0.518s] Level 1:colcon.colcon_core.package_identification:_identify(/home/msijesus/tfg/cdgdplsr) by extension 'python_setup_py'
[0.518s] Level 1:colcon.colcon_core.package_identification:_identify(/home/msijesus/tfg/cdgdplsr/build) by extensions ['ignore', 'ignore_ament_install']
[0.519s] Level 1:colcon.colcon_core.package_identification:_identify(/home/msijesus/tfg/cdgdplsr/build) by extension 'ignore'
[0.519s] Level 1:colcon.colcon_core.package_identification:_identify(/home/msijesus/tfg/cdgdplsr/build) ignored
[0.519s] Level 1:colcon.colcon_core.package_identification:_identify(/home/msijesus/tfg/cdgdplsr/install) by extensions ['ignore', 'ignore_ament_install']
[0.519s] Level 1:colcon.colcon_core.package_identification:_identify(/home/msijesus/tfg/cdgdplsr/install) by extension 'ignore'
[0.519s] Level 1:colcon.colcon_core.package_identification:_identify(/home/msijesus/tfg/cdgdplsr/install) ignored
[0.519s] Level 1:colcon.colcon_core.package_identification:_identify(/home/msijesus/tfg/cdgdplsr/log) by extensions ['ignore', 'ignore_ament_install']
[0.519s] Level 1:colcon.colcon_core.package_identification:_identify(/home/msijesus/tfg/cdgdplsr/log) by extension 'ignore'
[0.519s] Level 1:colcon.colcon_core.package_identification:_identify(/home/msijesus/tfg/cdgdplsr/log) ignored
[0.519s] Level 1:colcon.colcon_core.package_identification:_identify(/home/msijesus/tfg/cdgdplsr/src) by extensions ['ignore', 'ignore_ament_install']
[0.519s] Level 1:colcon.colcon_core.package_identification:_identify(/home/msijesus/tfg/cdgdplsr/src) by extension 'ignore'
[0.519s] Level 1:colcon.colcon_core.package_identification:_identify(/home/msijesus/tfg/cdgdplsr/src) by extension 'ignore_ament_install'
[0.519s] Level 1:colcon.colcon_core.package_identification:_identify(/home/msijesus/tfg/cdgdplsr/src) by extensions ['colcon_pkg']
[0.519s] Level 1:colcon.colcon_core.package_identification:_identify(/home/msijesus/tfg/cdgdplsr/src) by extension 'colcon_pkg'
[0.519s] Level 1:colcon.colcon_core.package_identification:_identify(/home/msijesus/tfg/cdgdplsr/src) by extensions ['colcon_meta']
[0.519s] Level 1:colcon.colcon_core.package_identification:_identify(/home/msijesus/tfg/cdgdplsr/src) by extension 'colcon_meta'
[0.519s] Level 1:colcon.colcon_core.package_identification:_identify(/home/msijesus/tfg/cdgdplsr/src) by extensions ['ros']
[0.519s] Level 1:colcon.colcon_core.package_identification:_identify(/home/msijesus/tfg/cdgdplsr/src) by extension 'ros'
[0.519s] Level 1:colcon.colcon_core.package_identification:_identify(/home/msijesus/tfg/cdgdplsr/src) by extensions ['cmake', 'python']
[0.519s] Level 1:colcon.colcon_core.package_identification:_identify(/home/msijesus/tfg/cdgdplsr/src) by extension 'cmake'
[0.519s] Level 1:colcon.colcon_core.package_identification:_identify(/home/msijesus/tfg/cdgdplsr/src) by extension 'python'
[0.519s] Level 1:colcon.colcon_core.package_identification:_identify(/home/msijesus/tfg/cdgdplsr/src) by extensions ['python_setup_py']
[0.519s] Level 1:colcon.colcon_core.package_identification:_identify(/home/msijesus/tfg/cdgdplsr/src) by extension 'python_setup_py'
[0.519s] Level 1:colcon.colcon_core.package_identification:_identify(/home/msijesus/tfg/cdgdplsr/src/robot) by extensions ['ignore', 'ignore_ament_install']
[0.519s] Level 1:colcon.colcon_core.package_identification:_identify(/home/msijesus/tfg/cdgdplsr/src/robot) by extension 'ignore'
[0.519s] Level 1:colcon.colcon_core.package_identification:_identify(/home/msijesus/tfg/cdgdplsr/src/robot) by extension 'ignore_ament_install'
[0.519s] Level 1:colcon.colcon_core.package_identification:_identify(/home/msijesus/tfg/cdgdplsr/src/robot) by extensions ['colcon_pkg']
[0.519s] Level 1:colcon.colcon_core.package_identification:_identify(/home/msijesus/tfg/cdgdplsr/src/robot) by extension 'colcon_pkg'
[0.519s] Level 1:colcon.colcon_core.package_identification:_identify(/home/msijesus/tfg/cdgdplsr/src/robot) by extensions ['colcon_meta']
[0.519s] Level 1:colcon.colcon_core.package_identification:_identify(/home/msijesus/tfg/cdgdplsr/src/robot) by extension 'colcon_meta'
[0.519s] Level 1:colcon.colcon_core.package_identification:_identify(/home/msijesus/tfg/cdgdplsr/src/robot) by extensions ['ros']
[0.519s] Level 1:colcon.colcon_core.package_identification:_identify(/home/msijesus/tfg/cdgdplsr/src/robot) by extension 'ros'
[0.521s] DEBUG:colcon.colcon_core.package_identification:Package '/home/msijesus/tfg/cdgdplsr/src/robot' with type 'ros.ament_python' and name 'robot'
[0.521s] Level 1:colcon.colcon_core.package_discovery:discover_packages(recursive) using defaults
