[0.292s] Invoking command in '/home/msijesus/tfg/cdgdplsr/src/robot': PYTHONPATH=/home/msijesus/tfg/cdgdplsr/build/robot/prefix_override:/home/msijesus/tfg/cdgdplsr/install/robot/lib/python3.10/site-packages: /usr/bin/python3 setup.py egg_info --egg-base ../../build/robot build --build-base /home/msijesus/tfg/cdgdplsr/build/robot/build install --record /home/msijesus/tfg/cdgdplsr/build/robot/install.log --single-version-externally-managed
[0.390s] running egg_info
[0.390s] writing ../../build/robot/robot.egg-info/PKG-INFO
[0.391s] writing dependency_links to ../../build/robot/robot.egg-info/dependency_links.txt
[0.391s] writing entry points to ../../build/robot/robot.egg-info/entry_points.txt
[0.391s] writing requirements to ../../build/robot/robot.egg-info/requires.txt
[0.391s] writing top-level names to ../../build/robot/robot.egg-info/top_level.txt
[0.392s] reading manifest file '../../build/robot/robot.egg-info/SOURCES.txt'
[0.393s] writing manifest file '../../build/robot/robot.egg-info/SOURCES.txt'
[0.393s] running build
[0.393s] running build_py
[0.393s] copying robot/publisher.py -> /home/msijesus/tfg/cdgdplsr/build/robot/build/lib/robot
[0.393s] copying robot/listener.py -> /home/msijesus/tfg/cdgdplsr/build/robot/build/lib/robot
[0.393s] running install
[0.393s] running install_lib
[0.394s] copying /home/msijesus/tfg/cdgdplsr/build/robot/build/lib/robot/publisher.py -> /home/msijesus/tfg/cdgdplsr/install/robot/lib/python3.10/site-packages/robot
[0.394s] copying /home/msijesus/tfg/cdgdplsr/build/robot/build/lib/robot/listener.py -> /home/msijesus/tfg/cdgdplsr/install/robot/lib/python3.10/site-packages/robot
[0.394s] byte-compiling /home/msijesus/tfg/cdgdplsr/install/robot/lib/python3.10/site-packages/robot/publisher.py to publisher.cpython-310.pyc
[0.394s] byte-compiling /home/msijesus/tfg/cdgdplsr/install/robot/lib/python3.10/site-packages/robot/listener.py to listener.cpython-310.pyc
[0.394s] running install_data
[0.395s] running install_egg_info
[0.395s] removing '/home/msijesus/tfg/cdgdplsr/install/robot/lib/python3.10/site-packages/robot-0.0.0-py3.10.egg-info' (and everything under it)
[0.395s] Copying ../../build/robot/robot.egg-info to /home/msijesus/tfg/cdgdplsr/install/robot/lib/python3.10/site-packages/robot-0.0.0-py3.10.egg-info
[0.396s] running install_scripts
[0.405s] writing list of installed files to '/home/msijesus/tfg/cdgdplsr/build/robot/install.log'
[0.417s] Invoked command in '/home/msijesus/tfg/cdgdplsr/src/robot' returned '0': PYTHONPATH=/home/msijesus/tfg/cdgdplsr/build/robot/prefix_override:/home/msijesus/tfg/cdgdplsr/install/robot/lib/python3.10/site-packages: /usr/bin/python3 setup.py egg_info --egg-base ../../build/robot build --build-base /home/msijesus/tfg/cdgdplsr/build/robot/build install --record /home/msijesus/tfg/cdgdplsr/build/robot/install.log --single-version-externally-managed
